<?xml version="1.0" encoding="UTF-8"?>
<!-- Generated by org.testng.reporters.JUnitReportReporter -->
<testsuite hostname="LAPTOP-81H605QD" failures="0" tests="1" name="test_pages.Home_page_test" time="19.978" errors="0" timestamp="2024-05-27T19:35:16 IST" skipped="0">
  <testcase classname="test_pages.Home_page_test" name="subscription_vrfy_Tc_010" time="19.978"/>
  <system-out/>
</testsuite> <!-- test_pages.Home_page_test -->
